[debug] [2021-07-18T06:28:08.225Z] ----------------------------------------------------------------------
[debug] [2021-07-18T06:28:08.227Z] Command:       D:\Softwares\NodeJs\node.exe C:\Users\Jaipa\AppData\Roaming\npm\node_modules\firebase-tools\lib\bin\firebase.js emulators:start
[debug] [2021-07-18T06:28:08.227Z] CLI Version:   9.16.0
[debug] [2021-07-18T06:28:08.227Z] Platform:      win32
[debug] [2021-07-18T06:28:08.228Z] Node Version:  v14.17.1
[debug] [2021-07-18T06:28:08.228Z] Time:          Sun Jul 18 2021 11:58:08 GMT+0530 (India Standard Time)
[debug] [2021-07-18T06:28:08.228Z] ----------------------------------------------------------------------
[debug] 
[debug] [2021-07-18T06:28:08.348Z] > command requires scopes: ["email","openid","https://www.googleapis.com/auth/cloudplatformprojects.readonly","https://www.googleapis.com/auth/firebase","https://www.googleapis.com/auth/cloud-platform"]
[debug] [2021-07-18T06:28:08.348Z] > authorizing via signed-in user (jai.pal.2013@gmail.com)
[info] i  emulators: Starting emulators: functions, hosting {"metadata":{"emulator":{"name":"hub"},"message":"Starting emulators: functions, hosting"}}
[warn] !  emulators: It seems that you are running multiple instances of the emulator suite for project clone-2788a. This may result in unexpected behavior. 
[debug] [2021-07-18T06:28:08.427Z] [hub] writing locator at C:\Users\Jaipa\AppData\Local\Temp\hub-clone-2788a.json
[warn] !  functions: The following emulators are not running, calls to these services from the Functions emulator will affect production: auth, firestore, database, pubsub, storage {"metadata":{"emulator":{"name":"functions"},"message":"The following emulators are not running, calls to these services from the Functions emulator will affect production: \u001b[1mauth, firestore, database, pubsub, storage\u001b[22m"}}
[info] +  functions: Using node@14 from host. {"metadata":{"emulator":{"name":"functions"},"message":"Using node@14 from host."}}
[debug] [2021-07-18T06:28:08.559Z] defaultcredentials: writing to file C:\Users\Jaipa\AppData\Roaming\firebase\jai_pal.2013_gmail.com_application_default_credentials.json
[debug] [2021-07-18T06:28:08.561Z] Setting GAC to C:\Users\Jaipa\AppData\Roaming\firebase\jai_pal.2013_gmail.com_application_default_credentials.json {"metadata":{"emulator":{"name":"functions"},"message":"Setting GAC to C:\\Users\\Jaipa\\AppData\\Roaming\\firebase\\jai_pal.2013_gmail.com_application_default_credentials.json"}}
[debug] [2021-07-18T06:28:08.563Z] > refreshing access token with scopes: []
[debug] [2021-07-18T06:28:08.563Z] >>> HTTP REQUEST POST https://www.googleapis.com/oauth2/v3/token  
 <request body omitted>
[debug] [2021-07-18T06:28:08.928Z] <<< HTTP RESPONSE 200 {"pragma":"no-cache","cache-control":"no-cache, no-store, max-age=0, must-revalidate","date":"Sun, 18 Jul 2021 06:28:09 GMT","expires":"Mon, 01 Jan 1990 00:00:00 GMT","content-type":"application/json; charset=utf-8","vary":"X-Origin, Referer, Origin,Accept-Encoding","server":"scaffolding on HTTPServer2","x-xss-protection":"0","x-frame-options":"SAMEORIGIN","x-content-type-options":"nosniff","alt-svc":"h3=\":443\"; ma=2592000,h3-29=\":443\"; ma=2592000,h3-T051=\":443\"; ma=2592000,h3-Q050=\":443\"; ma=2592000,h3-Q046=\":443\"; ma=2592000,h3-Q043=\":443\"; ma=2592000,quic=\":443\"; ma=2592000; v=\"46,43\"","accept-ranges":"none","transfer-encoding":"chunked"}
[debug] [2021-07-18T06:28:09.177Z] >>> [apiv2][query] GET https://firebase.googleapis.com/v1beta1/projects/clone-2788a/adminSdkConfig [none]
[debug] [2021-07-18T06:28:10.075Z] <<< [apiv2][status] GET https://firebase.googleapis.com/v1beta1/projects/clone-2788a/adminSdkConfig 200
[debug] [2021-07-18T06:28:10.075Z] <<< [apiv2][body] GET https://firebase.googleapis.com/v1beta1/projects/clone-2788a/adminSdkConfig {"projectId":"clone-2788a","storageBucket":"clone-2788a.appspot.com"}
[debug] [2021-07-18T06:28:10.171Z] >>> [apiv2][query] GET https://firebasehosting.googleapis.com/v1beta1/projects/clone-2788a/sites 
[debug] [2021-07-18T06:28:12.267Z] <<< [apiv2][status] GET https://firebasehosting.googleapis.com/v1beta1/projects/clone-2788a/sites 200
[debug] [2021-07-18T06:28:12.268Z] <<< [apiv2][body] GET https://firebasehosting.googleapis.com/v1beta1/projects/clone-2788a/sites {"sites":[{"name":"projects/995126438655/sites/clone-2788a","defaultUrl":"https://clone-2788a.web.app","type":"DEFAULT_SITE"}]}
[debug] [2021-07-18T06:28:12.268Z] >>> [apiv2][query] GET https://firebase.googleapis.com/v1beta1/projects/clone-2788a/webApps/-/config [none]
[debug] [2021-07-18T06:28:13.758Z] <<< [apiv2][status] GET https://firebase.googleapis.com/v1beta1/projects/clone-2788a/webApps/-/config 200
[debug] [2021-07-18T06:28:13.758Z] <<< [apiv2][body] GET https://firebase.googleapis.com/v1beta1/projects/clone-2788a/webApps/-/config {"projectId":"clone-2788a","appId":"1:995126438655:web:0f893083f876924c56faca","storageBucket":"clone-2788a.appspot.com","apiKey":"AIzaSyDE_-d85srG6L0wQJ9vUD5vVe8zH16Dv0A","authDomain":"clone-2788a.firebaseapp.com","messagingSenderId":"995126438655","measurementId":"G-YLZL366CWC"}
[info] i  hosting: Serving hosting files from: build {"metadata":{"emulator":{"name":"hosting"},"message":"Serving hosting files from: \u001b[1mbuild\u001b[22m"}}
[info] +  hosting: Local server: http://localhost:5000 {"metadata":{"emulator":{"name":"hosting"},"message":"Local server: \u001b[4m\u001b[1mhttp://localhost:5000\u001b[22m\u001b[24m"}}
[warn] !  ui: Emulator UI unable to start on port 4000, starting on 4001 instead. {"metadata":{"emulator":{"name":"ui"},"message":"Emulator UI unable to start on port 4000, starting on 4001 instead."}}
[debug] [2021-07-18T06:28:14.160Z] Ignoring unsupported arg: auto_download {"metadata":{"emulator":{"name":"ui"},"message":"Ignoring unsupported arg: auto_download"}}
[debug] [2021-07-18T06:28:14.160Z] Ignoring unsupported arg: port {"metadata":{"emulator":{"name":"ui"},"message":"Ignoring unsupported arg: port"}}
[debug] [2021-07-18T06:28:14.160Z] Starting Emulator UI with command {"binary":"node","args":["C:\\Users\\Jaipa\\.cache\\firebase\\emulators\\ui-v1.6.0\\server.bundle.js"],"optionalArgs":[],"joinArgs":false} {"metadata":{"emulator":{"name":"ui"},"message":"Starting Emulator UI with command {\"binary\":\"node\",\"args\":[\"C:\\\\Users\\\\Jaipa\\\\.cache\\\\firebase\\\\emulators\\\\ui-v1.6.0\\\\server.bundle.js\"],\"optionalArgs\":[],\"joinArgs\":false}"}}
[info] i  ui: Emulator UI logging to ui-debug.log {"metadata":{"emulator":{"name":"ui"},"message":"Emulator UI logging to \u001b[1mui-debug.log\u001b[22m"}}
[debug] [2021-07-18T06:28:14.526Z] Web / API server started at localhost:4001
 {"metadata":{"emulator":{"name":"ui"},"message":"Web / API server started at localhost:4001\n"}}
[info] i  functions: Watching "F:\Workspace\React Practice Codes\amazon-clone\functions" for Cloud Functions... {"metadata":{"emulator":{"name":"functions"},"message":"Watching \"F:\\Workspace\\React Practice Codes\\amazon-clone\\functions\" for Cloud Functions..."}}
[debug] [2021-07-18T06:28:14.768Z] [worker-pool] addWorker(~diagnostic~) {"metadata":{"emulator":{"name":"functions"},"message":"[worker-pool] addWorker(~diagnostic~)"}}
[debug] [2021-07-18T06:28:14.768Z] [worker-pool] Adding worker with key ~diagnostic~, total=1 {"metadata":{"emulator":{"name":"functions"},"message":"[worker-pool] Adding worker with key ~diagnostic~, total=1"}}
[debug] [2021-07-18T06:28:14.769Z] [worker-pool] submitWork(triggerId=) {"metadata":{"emulator":{"name":"functions"},"message":"[worker-pool] submitWork(triggerId=)"}}
[debug] [2021-07-18T06:28:14.771Z] [worker-~diagnostic~-b43cc0dd-43ef-464c-a5e8-c106a3a86f33]: Assigning socketPath: \\?\pipe\F:\Workspace\React Practice Codes\amazon-clone\functions\14360 {"metadata":{"emulator":{"name":"functions"},"message":"[worker-~diagnostic~-b43cc0dd-43ef-464c-a5e8-c106a3a86f33]: Assigning socketPath: \\\\?\\pipe\\F:\\Workspace\\React Practice Codes\\amazon-clone\\functions\\14360"}}
[debug] [2021-07-18T06:28:14.774Z] [worker-~diagnostic~-b43cc0dd-43ef-464c-a5e8-c106a3a86f33]: BUSY {"metadata":{"emulator":{"name":"functions"},"message":"[worker-~diagnostic~-b43cc0dd-43ef-464c-a5e8-c106a3a86f33]: BUSY"}}
[debug] [2021-07-18T06:28:15.490Z] [runtime-status] [14360] Functions runtime initialized. {"cwd":"F:\\Workspace\\React Practice Codes\\amazon-clone\\functions","node_version":"14.17.1"} {"metadata":{"emulator":{"name":"functions"},"message":"[runtime-status] [14360] Functions runtime initialized. {\"cwd\":\"F:\\\\Workspace\\\\React Practice Codes\\\\amazon-clone\\\\functions\",\"node_version\":\"14.17.1\"}"}}
[debug] [2021-07-18T06:28:15.495Z] [runtime-status] [14360] Disabled runtime features: undefined {"metadata":{"emulator":{"name":"functions"},"message":"[runtime-status] [14360] Disabled runtime features: undefined"}}
[debug] [2021-07-18T06:28:15.504Z] [runtime-status] [14360] Resolved module firebase-admin {"declared":true,"installed":true,"version":"9.11.0","resolution":"F:\\Workspace\\React Practice Codes\\amazon-clone\\functions\\node_modules\\firebase-admin\\lib\\index.js"} {"metadata":{"emulator":{"name":"functions"},"message":"[runtime-status] [14360] Resolved module firebase-admin {\"declared\":true,\"installed\":true,\"version\":\"9.11.0\",\"resolution\":\"F:\\\\Workspace\\\\React Practice Codes\\\\amazon-clone\\\\functions\\\\node_modules\\\\firebase-admin\\\\lib\\\\index.js\"}"}}
[debug] [2021-07-18T06:28:15.507Z] [runtime-status] [14360] Resolved module firebase-functions {"declared":true,"installed":true,"version":"3.14.1","resolution":"F:\\Workspace\\React Practice Codes\\amazon-clone\\functions\\node_modules\\firebase-functions\\lib\\index.js"} {"metadata":{"emulator":{"name":"functions"},"message":"[runtime-status] [14360] Resolved module firebase-functions {\"declared\":true,\"installed\":true,\"version\":\"3.14.1\",\"resolution\":\"F:\\\\Workspace\\\\React Practice Codes\\\\amazon-clone\\\\functions\\\\node_modules\\\\firebase-functions\\\\lib\\\\index.js\"}"}}
[debug] [2021-07-18T06:28:15.513Z] [runtime-status] [14360] Resolved module firebase-functions {"declared":true,"installed":true,"version":"3.14.1","resolution":"F:\\Workspace\\React Practice Codes\\amazon-clone\\functions\\node_modules\\firebase-functions\\lib\\index.js"} {"metadata":{"emulator":{"name":"functions"},"message":"[runtime-status] [14360] Resolved module firebase-functions {\"declared\":true,\"installed\":true,\"version\":\"3.14.1\",\"resolution\":\"F:\\\\Workspace\\\\React Practice Codes\\\\amazon-clone\\\\functions\\\\node_modules\\\\firebase-functions\\\\lib\\\\index.js\"}"}}
[debug] [2021-07-18T06:28:15.523Z] [runtime-status] [14360] Outgoing network have been stubbed. [{"name":"http","status":"mocked"},{"name":"http","status":"mocked"},{"name":"https","status":"mocked"},{"name":"https","status":"mocked"},{"name":"net","status":"mocked"}] {"metadata":{"emulator":{"name":"functions"},"message":"[runtime-status] [14360] Outgoing network have been stubbed. [{\"name\":\"http\",\"status\":\"mocked\"},{\"name\":\"http\",\"status\":\"mocked\"},{\"name\":\"https\",\"status\":\"mocked\"},{\"name\":\"https\",\"status\":\"mocked\"},{\"name\":\"net\",\"status\":\"mocked\"}]"}}
[debug] [2021-07-18T06:28:15.523Z] [runtime-status] [14360] Resolved module firebase-functions {"declared":true,"installed":true,"version":"3.14.1","resolution":"F:\\Workspace\\React Practice Codes\\amazon-clone\\functions\\node_modules\\firebase-functions\\lib\\index.js"} {"metadata":{"emulator":{"name":"functions"},"message":"[runtime-status] [14360] Resolved module firebase-functions {\"declared\":true,\"installed\":true,\"version\":\"3.14.1\",\"resolution\":\"F:\\\\Workspace\\\\React Practice Codes\\\\amazon-clone\\\\functions\\\\node_modules\\\\firebase-functions\\\\lib\\\\index.js\"}"}}
[debug] [2021-07-18T06:28:15.620Z] [runtime-status] [14360] Checked functions.config() {"config":{}} {"metadata":{"emulator":{"name":"functions"},"message":"[runtime-status] [14360] Checked functions.config() {\"config\":{}}"}}
[debug] [2021-07-18T06:28:15.620Z] [runtime-status] [14360] firebase-functions has been stubbed. {"functionsResolution":{"declared":true,"installed":true,"version":"3.14.1","resolution":"F:\\Workspace\\React Practice Codes\\amazon-clone\\functions\\node_modules\\firebase-functions\\lib\\index.js"}} {"metadata":{"emulator":{"name":"functions"},"message":"[runtime-status] [14360] firebase-functions has been stubbed. {\"functionsResolution\":{\"declared\":true,\"installed\":true,\"version\":\"3.14.1\",\"resolution\":\"F:\\\\Workspace\\\\React Practice Codes\\\\amazon-clone\\\\functions\\\\node_modules\\\\firebase-functions\\\\lib\\\\index.js\"}}"}}
[debug] [2021-07-18T06:28:15.621Z] [runtime-status] [14360] Resolved module firebase-functions {"declared":true,"installed":true,"version":"3.14.1","resolution":"F:\\Workspace\\React Practice Codes\\amazon-clone\\functions\\node_modules\\firebase-functions\\lib\\index.js"} {"metadata":{"emulator":{"name":"functions"},"message":"[runtime-status] [14360] Resolved module firebase-functions {\"declared\":true,\"installed\":true,\"version\":\"3.14.1\",\"resolution\":\"F:\\\\Workspace\\\\React Practice Codes\\\\amazon-clone\\\\functions\\\\node_modules\\\\firebase-functions\\\\lib\\\\index.js\"}"}}
[debug] [2021-07-18T06:28:15.622Z] [runtime-status] [14360] Resolved module firebase-admin {"declared":true,"installed":true,"version":"9.11.0","resolution":"F:\\Workspace\\React Practice Codes\\amazon-clone\\functions\\node_modules\\firebase-admin\\lib\\index.js"} {"metadata":{"emulator":{"name":"functions"},"message":"[runtime-status] [14360] Resolved module firebase-admin {\"declared\":true,\"installed\":true,\"version\":\"9.11.0\",\"resolution\":\"F:\\\\Workspace\\\\React Practice Codes\\\\amazon-clone\\\\functions\\\\node_modules\\\\firebase-admin\\\\lib\\\\index.js\"}"}}
[debug] [2021-07-18T06:28:15.623Z] [runtime-status] [14360] Resolved module firebase-functions {"declared":true,"installed":true,"version":"3.14.1","resolution":"F:\\Workspace\\React Practice Codes\\amazon-clone\\functions\\node_modules\\firebase-functions\\lib\\index.js"} {"metadata":{"emulator":{"name":"functions"},"message":"[runtime-status] [14360] Resolved module firebase-functions {\"declared\":true,\"installed\":true,\"version\":\"3.14.1\",\"resolution\":\"F:\\\\Workspace\\\\React Practice Codes\\\\amazon-clone\\\\functions\\\\node_modules\\\\firebase-functions\\\\lib\\\\index.js\"}"}}
[debug] [2021-07-18T06:28:15.624Z] [runtime-status] [14360] firebase-admin has been stubbed. {"adminResolution":{"declared":true,"installed":true,"version":"9.11.0","resolution":"F:\\Workspace\\React Practice Codes\\amazon-clone\\functions\\node_modules\\firebase-admin\\lib\\index.js"}} {"metadata":{"emulator":{"name":"functions"},"message":"[runtime-status] [14360] firebase-admin has been stubbed. {\"adminResolution\":{\"declared\":true,\"installed\":true,\"version\":\"9.11.0\",\"resolution\":\"F:\\\\Workspace\\\\React Practice Codes\\\\amazon-clone\\\\functions\\\\node_modules\\\\firebase-admin\\\\lib\\\\index.js\"}}"}}
[info] +  functions[us-central1-api]: http function initialized (http://localhost:5001/clone-2788a/us-central1/api). {"metadata":{"emulator":{"name":"functions"},"message":"\u001b[1mhttp\u001b[22m function initialized (http://localhost:5001/clone-2788a/us-central1/api)."}}
[info] 
┌─────────────────────────────────────────────────────────────┐
│ ✔  All emulators ready! It is now safe to connect your app. │
│ i  View Emulator UI at http://localhost:4001                │
└─────────────────────────────────────────────────────────────┘

┌───────────┬────────────────┬─────────────────────────────────┐
│ Emulator  │ Host:Port      │ View in Emulator UI             │
├───────────┼────────────────┼─────────────────────────────────┤
│ Functions │ localhost:5001 │ http://localhost:4001/functions │
├───────────┼────────────────┼─────────────────────────────────┤
│ Hosting   │ localhost:5000 │ n/a                             │
└───────────┴────────────────┴─────────────────────────────────┘
  Emulator Hub running at localhost:4400
  Other reserved ports: 4500

Issues? Report them at https://github.com/firebase/firebase-tools/issues and attach the *-debug.log files.
 
[debug] [2021-07-18T06:28:16.353Z] [worker-~diagnostic~-b43cc0dd-43ef-464c-a5e8-c106a3a86f33]: IDLE {"metadata":{"emulator":{"name":"functions"},"message":"[worker-~diagnostic~-b43cc0dd-43ef-464c-a5e8-c106a3a86f33]: IDLE"}}
[debug] [2021-07-18T06:29:08.669Z] [work-queue] {"queueLength":1,"workRunningCount":0}
[debug] [2021-07-18T06:29:08.670Z] [work-queue] {"queueLength":0,"workRunningCount":1}
[debug] [2021-07-18T06:29:08.671Z] Accepted request POST /clone-2788a/us-central1/api/payments/create?total=101 --> us-central1-api
[debug] [2021-07-18T06:29:08.681Z] [worker-pool] addWorker(us-central1-api) {"metadata":{"emulator":{"name":"functions"},"message":"[worker-pool] addWorker(us-central1-api)"}}
[debug] [2021-07-18T06:29:08.681Z] [worker-pool] Adding worker with key us-central1-api, total=1 {"metadata":{"emulator":{"name":"functions"},"message":"[worker-pool] Adding worker with key us-central1-api, total=1"}}
[debug] [2021-07-18T06:29:08.681Z] [worker-pool] submitWork(triggerId=us-central1-api) {"metadata":{"emulator":{"name":"functions"},"message":"[worker-pool] submitWork(triggerId=us-central1-api)"}}
[debug] [2021-07-18T06:29:08.682Z] [worker-us-central1-api-2e05923c-70ba-4915-8886-b82fe5d76587]: Assigning socketPath: \\?\pipe\F:\Workspace\React Practice Codes\amazon-clone\functions\9792 {"metadata":{"emulator":{"name":"functions"},"message":"[worker-us-central1-api-2e05923c-70ba-4915-8886-b82fe5d76587]: Assigning socketPath: \\\\?\\pipe\\F:\\Workspace\\React Practice Codes\\amazon-clone\\functions\\9792"}}
[debug] [2021-07-18T06:29:08.682Z] [worker-us-central1-api-2e05923c-70ba-4915-8886-b82fe5d76587]: BUSY {"metadata":{"emulator":{"name":"functions"},"message":"[worker-us-central1-api-2e05923c-70ba-4915-8886-b82fe5d76587]: BUSY"}}
[debug] [2021-07-18T06:29:09.070Z] [runtime-status] [9792] Functions runtime initialized. {"cwd":"F:\\Workspace\\React Practice Codes\\amazon-clone\\functions","node_version":"14.17.1"} {"metadata":{"emulator":{"name":"functions"},"function":{"name":"us-central1-api"},"message":"[runtime-status] [9792] Functions runtime initialized. {\"cwd\":\"F:\\\\Workspace\\\\React Practice Codes\\\\amazon-clone\\\\functions\",\"node_version\":\"14.17.1\"}"}}
[debug] [2021-07-18T06:29:09.074Z] [runtime-status] [9792] Disabled runtime features: undefined {"metadata":{"emulator":{"name":"functions"},"function":{"name":"us-central1-api"},"message":"[runtime-status] [9792] Disabled runtime features: undefined"}}
[debug] [2021-07-18T06:29:09.078Z] [runtime-status] [9792] Resolved module firebase-admin {"declared":true,"installed":true,"version":"9.11.0","resolution":"F:\\Workspace\\React Practice Codes\\amazon-clone\\functions\\node_modules\\firebase-admin\\lib\\index.js"} {"metadata":{"emulator":{"name":"functions"},"function":{"name":"us-central1-api"},"message":"[runtime-status] [9792] Resolved module firebase-admin {\"declared\":true,\"installed\":true,\"version\":\"9.11.0\",\"resolution\":\"F:\\\\Workspace\\\\React Practice Codes\\\\amazon-clone\\\\functions\\\\node_modules\\\\firebase-admin\\\\lib\\\\index.js\"}"}}
[debug] [2021-07-18T06:29:09.080Z] [runtime-status] [9792] Resolved module firebase-functions {"declared":true,"installed":true,"version":"3.14.1","resolution":"F:\\Workspace\\React Practice Codes\\amazon-clone\\functions\\node_modules\\firebase-functions\\lib\\index.js"} {"metadata":{"emulator":{"name":"functions"},"function":{"name":"us-central1-api"},"message":"[runtime-status] [9792] Resolved module firebase-functions {\"declared\":true,\"installed\":true,\"version\":\"3.14.1\",\"resolution\":\"F:\\\\Workspace\\\\React Practice Codes\\\\amazon-clone\\\\functions\\\\node_modules\\\\firebase-functions\\\\lib\\\\index.js\"}"}}
[debug] [2021-07-18T06:29:09.081Z] [runtime-status] [9792] Resolved module firebase-functions {"declared":true,"installed":true,"version":"3.14.1","resolution":"F:\\Workspace\\React Practice Codes\\amazon-clone\\functions\\node_modules\\firebase-functions\\lib\\index.js"} {"metadata":{"emulator":{"name":"functions"},"function":{"name":"us-central1-api"},"message":"[runtime-status] [9792] Resolved module firebase-functions {\"declared\":true,\"installed\":true,\"version\":\"3.14.1\",\"resolution\":\"F:\\\\Workspace\\\\React Practice Codes\\\\amazon-clone\\\\functions\\\\node_modules\\\\firebase-functions\\\\lib\\\\index.js\"}"}}
[debug] [2021-07-18T06:29:09.083Z] [runtime-status] [9792] Outgoing network have been stubbed. [{"name":"http","status":"mocked"},{"name":"http","status":"mocked"},{"name":"https","status":"mocked"},{"name":"https","status":"mocked"},{"name":"net","status":"mocked"}] {"metadata":{"emulator":{"name":"functions"},"function":{"name":"us-central1-api"},"message":"[runtime-status] [9792] Outgoing network have been stubbed. [{\"name\":\"http\",\"status\":\"mocked\"},{\"name\":\"http\",\"status\":\"mocked\"},{\"name\":\"https\",\"status\":\"mocked\"},{\"name\":\"https\",\"status\":\"mocked\"},{\"name\":\"net\",\"status\":\"mocked\"}]"}}
[debug] [2021-07-18T06:29:09.084Z] [runtime-status] [9792] Resolved module firebase-functions {"declared":true,"installed":true,"version":"3.14.1","resolution":"F:\\Workspace\\React Practice Codes\\amazon-clone\\functions\\node_modules\\firebase-functions\\lib\\index.js"} {"metadata":{"emulator":{"name":"functions"},"function":{"name":"us-central1-api"},"message":"[runtime-status] [9792] Resolved module firebase-functions {\"declared\":true,\"installed\":true,\"version\":\"3.14.1\",\"resolution\":\"F:\\\\Workspace\\\\React Practice Codes\\\\amazon-clone\\\\functions\\\\node_modules\\\\firebase-functions\\\\lib\\\\index.js\"}"}}
[debug] [2021-07-18T06:29:09.144Z] [runtime-status] [9792] Checked functions.config() {"config":{}} {"metadata":{"emulator":{"name":"functions"},"function":{"name":"us-central1-api"},"message":"[runtime-status] [9792] Checked functions.config() {\"config\":{}}"}}
[debug] [2021-07-18T06:29:09.144Z] [runtime-status] [9792] firebase-functions has been stubbed. {"functionsResolution":{"declared":true,"installed":true,"version":"3.14.1","resolution":"F:\\Workspace\\React Practice Codes\\amazon-clone\\functions\\node_modules\\firebase-functions\\lib\\index.js"}} {"metadata":{"emulator":{"name":"functions"},"function":{"name":"us-central1-api"},"message":"[runtime-status] [9792] firebase-functions has been stubbed. {\"functionsResolution\":{\"declared\":true,\"installed\":true,\"version\":\"3.14.1\",\"resolution\":\"F:\\\\Workspace\\\\React Practice Codes\\\\amazon-clone\\\\functions\\\\node_modules\\\\firebase-functions\\\\lib\\\\index.js\"}}"}}
[debug] [2021-07-18T06:29:09.145Z] [runtime-status] [9792] Resolved module firebase-functions {"declared":true,"installed":true,"version":"3.14.1","resolution":"F:\\Workspace\\React Practice Codes\\amazon-clone\\functions\\node_modules\\firebase-functions\\lib\\index.js"} {"metadata":{"emulator":{"name":"functions"},"function":{"name":"us-central1-api"},"message":"[runtime-status] [9792] Resolved module firebase-functions {\"declared\":true,\"installed\":true,\"version\":\"3.14.1\",\"resolution\":\"F:\\\\Workspace\\\\React Practice Codes\\\\amazon-clone\\\\functions\\\\node_modules\\\\firebase-functions\\\\lib\\\\index.js\"}"}}
[debug] [2021-07-18T06:29:09.147Z] [runtime-status] [9792] Resolved module firebase-admin {"declared":true,"installed":true,"version":"9.11.0","resolution":"F:\\Workspace\\React Practice Codes\\amazon-clone\\functions\\node_modules\\firebase-admin\\lib\\index.js"} {"metadata":{"emulator":{"name":"functions"},"function":{"name":"us-central1-api"},"message":"[runtime-status] [9792] Resolved module firebase-admin {\"declared\":true,\"installed\":true,\"version\":\"9.11.0\",\"resolution\":\"F:\\\\Workspace\\\\React Practice Codes\\\\amazon-clone\\\\functions\\\\node_modules\\\\firebase-admin\\\\lib\\\\index.js\"}"}}
[debug] [2021-07-18T06:29:09.148Z] [runtime-status] [9792] Resolved module firebase-functions {"declared":true,"installed":true,"version":"3.14.1","resolution":"F:\\Workspace\\React Practice Codes\\amazon-clone\\functions\\node_modules\\firebase-functions\\lib\\index.js"} {"metadata":{"emulator":{"name":"functions"},"function":{"name":"us-central1-api"},"message":"[runtime-status] [9792] Resolved module firebase-functions {\"declared\":true,\"installed\":true,\"version\":\"3.14.1\",\"resolution\":\"F:\\\\Workspace\\\\React Practice Codes\\\\amazon-clone\\\\functions\\\\node_modules\\\\firebase-functions\\\\lib\\\\index.js\"}"}}
[debug] [2021-07-18T06:29:09.148Z] [runtime-status] [9792] firebase-admin has been stubbed. {"adminResolution":{"declared":true,"installed":true,"version":"9.11.0","resolution":"F:\\Workspace\\React Practice Codes\\amazon-clone\\functions\\node_modules\\firebase-admin\\lib\\index.js"}} {"metadata":{"emulator":{"name":"functions"},"function":{"name":"us-central1-api"},"message":"[runtime-status] [9792] firebase-admin has been stubbed. {\"adminResolution\":{\"declared\":true,\"installed\":true,\"version\":\"9.11.0\",\"resolution\":\"F:\\\\Workspace\\\\React Practice Codes\\\\amazon-clone\\\\functions\\\\node_modules\\\\firebase-admin\\\\lib\\\\index.js\"}}"}}
[debug] [2021-07-18T06:29:09.408Z] [runtime-status] [9792] Trigger "us-central1-api" has been found, beginning invocation! {"metadata":{"emulator":{"name":"functions"},"function":{"name":"us-central1-api"},"message":"[runtime-status] [9792] Trigger \"us-central1-api\" has been found, beginning invocation!"}}
[info] i  functions: Beginning execution of "us-central1-api" {"metadata":{"emulator":{"name":"functions"},"function":{"name":"us-central1-api"},"message":"Beginning execution of \"us-central1-api\""}}
[debug] [2021-07-18T06:29:09.410Z] [runtime-status] [9792] triggerDefinition {"httpsTrigger":{},"name":"api","entryPoint":"api","regions":["us-central1"],"region":"us-central1","id":"us-central1-api"} {"metadata":{"emulator":{"name":"functions"},"function":{"name":"us-central1-api"},"message":"[runtime-status] [9792] triggerDefinition {\"httpsTrigger\":{},\"name\":\"api\",\"entryPoint\":\"api\",\"regions\":[\"us-central1\"],\"region\":\"us-central1\",\"id\":\"us-central1-api\"}"}}
[debug] [2021-07-18T06:29:09.411Z] [runtime-status] [9792] Running us-central1-api in mode HTTPS {"metadata":{"emulator":{"name":"functions"},"function":{"name":"us-central1-api"},"message":"[runtime-status] [9792] Running us-central1-api in mode HTTPS"}}
[debug] [2021-07-18T06:29:09.423Z] [runtime-status] [9792] Attempting to listen to socketPath: \\?\pipe\F:\Workspace\React Practice Codes\amazon-clone\functions\9792 {"metadata":{"emulator":{"name":"functions"},"function":{"name":"us-central1-api"},"message":"[runtime-status] [9792] Attempting to listen to socketPath: \\\\?\\pipe\\F:\\Workspace\\React Practice Codes\\amazon-clone\\functions\\9792"}}
[debug] [2021-07-18T06:29:09.428Z] [functions] Runtime ready! Sending request! {"metadata":{"emulator":{"name":"functions"},"message":"[functions] Runtime ready! Sending request!"}}
[debug] [2021-07-18T06:29:09.430Z] [functions] Got req.url=/clone-2788a/us-central1/api/payments/create?total=101, mapping to path=/payments/create?total=101 {"metadata":{"emulator":{"name":"functions"},"message":"[functions] Got req.url=/clone-2788a/us-central1/api/payments/create?total=101, mapping to path=/payments/create?total=101"}}
[debug] [2021-07-18T06:29:09.457Z] [runtime-status] [9792] Ephemeral server handling POST request {"metadata":{"emulator":{"name":"functions"},"function":{"name":"us-central1-api"},"message":"[runtime-status] [9792] Ephemeral server handling POST request"}}
[info] >  Payment request for amount 101 {"user":"Payment request for amount 101","metadata":{"emulator":{"name":"functions"},"function":{"name":"us-central1-api"},"message":"\u001b[90m> \u001b[39m Payment request for amount 101"}}
[debug] [2021-07-18T06:29:09.480Z] [runtime-status] [9792] Ephemeral server survived. {"metadata":{"emulator":{"name":"functions"},"function":{"name":"us-central1-api"},"message":"[runtime-status] [9792] Ephemeral server survived."}}
[info] >  paymentIntent.client_secretpi_1JETUwSJdvKy4mRr2zBwsybf_secret_28ZHi11MzUJA865aO5YGZAx21 {"user":"paymentIntent.client_secretpi_1JETUwSJdvKy4mRr2zBwsybf_secret_28ZHi11MzUJA865aO5YGZAx21","metadata":{"emulator":{"name":"functions"},"function":{"name":"us-central1-api"},"message":"\u001b[90m> \u001b[39m paymentIntent.client_secretpi_1JETUwSJdvKy4mRr2zBwsybf_secret_28ZHi11MzUJA865aO5YGZAx21"}}
[info] i  functions: Finished "us-central1-api" in ~1s {"metadata":{"emulator":{"name":"functions"},"function":{"name":"us-central1-api"},"message":"Finished \"us-central1-api\" in ~1s"}}
[debug] [2021-07-18T06:29:10.283Z] [worker-us-central1-api-2e05923c-70ba-4915-8886-b82fe5d76587]: IDLE {"metadata":{"emulator":{"name":"functions"},"message":"[worker-us-central1-api-2e05923c-70ba-4915-8886-b82fe5d76587]: IDLE"}}
[debug] [2021-07-18T06:29:10.283Z] [work-queue] {"queueLength":0,"workRunningCount":0}
[debug] [2021-07-18T06:29:34.156Z] File F:\Workspace\React Practice Codes\amazon-clone\functions\index.js changed, reloading triggers {"metadata":{"emulator":{"name":"functions"},"message":"File F:\\Workspace\\React Practice Codes\\amazon-clone\\functions\\index.js changed, reloading triggers"}}
[debug] [2021-07-18T06:29:34.475Z] File F:\Workspace\React Practice Codes\amazon-clone\functions\index.js changed, reloading triggers {"metadata":{"emulator":{"name":"functions"},"message":"File F:\\Workspace\\React Practice Codes\\amazon-clone\\functions\\index.js changed, reloading triggers"}}
